2014/10/29 16:17:35  : openshift  : <priority>high</priority><encryption>none</encryption><data>basic</data>
2014/10/29 16:35:23  : openshift  : <priority>low</priority><encryption>no</encryption><data>basic</data>
2014/10/29 16:38:09  : openshift  : <priority>low</priority><encryption>no</encryption><data>extended</data>
2014/10/29 16:38:11  : openshift  : <priority>low</priority><encryption>no</encryption><data>average</data>
2014/10/29 16:38:13  : openshift  : <priority>medium</priority><encryption>no</encryption><data>basic</data>
2014/10/29 16:38:15  : openshift  : <priority>medium</priority><encryption>no</encryption><data>average</data>
2014/10/29 16:38:17  : openshift  : <priority>medium</priority><encryption>no</encryption><data>average</data>
2014/10/29 16:38:19  : openshift  : <priority>medium</priority><encryption>yes</encryption><data>extended</data>
2014/10/29 16:44:15  : azure  : <priority>medium</priority><encryption>no</encryption><data>average</data>
2014/10/29 16:47:31  : azure  : <priority>medium</priority><encryption>no</encryption><data>average</data>
2014/10/29 16:48:40  : azure  : <priority>medium</priority><encryption>no</encryption><data>average</data>
2014/10/29 16:48:52  : azure  : <priority>medium</priority><encryption>yes</encryption><data>basic</data>
_______
2014/10/29 16:49:00  : azure  : <priority>medium</priority><encryption>no</encryption><data>basic</data>
2014/10/29 16:49:49  : azure  : <priority>medium</priority><encryption>no</encryption><data>average</data>
2014/10/29 16:50:05  : azure  : <priority>medium</priority><encryption>no</encryption><data>average</data>
2014/10/29 16:50:13  : azure  : <priority>medium</priority><encryption>no</encryption><data>basic</data>
_______
2014/10/29 16:52:19  : azure  : <priority>medium</priority><encryption>no</encryption><data>average</data>
2014/10/29 16:52:21  : azure  : <priority>medium</priority><encryption>no</encryption><data>average</data>
2014/10/29 17:01:55  : azure  : <priority>medium</priority><encryption>no</encryption><data>basic</data>
2014/10/29 17:02:01  : azure  : <priority>medium</priority><encryption>no</encryption><data>basic</data>
2014/10/29 17:06:32  : openshift  : <priority>low</priority><encryption>yes</encryption><data>basic</data>
2014/10/29 17:06:34  : gae  : <priority>medium</priority><encryption>no</encryption><data>extended</data>
_______

2014/10/29 18:04:53  : gae  : <priority>medium</priority><encryption>no</encryption><data>average</data>
2014/10/29 18:04:57  : gae  : <priority>low</priority><encryption>no</encryption><data>extended</data>
2014/10/29 18:05:01  : openshift  : <priority>medium</priority><encryption>yes</encryption><data>basic</data>
2014/10/29 18:05:05  : gae  : <priority>low</priority><encryption>no</encryption><data>extended</data>
2014/10/29 18:05:09  : openshift  : <priority>medium</priority><encryption>no</encryption><data>basic</data>
2014/10/29 18:05:17  : heroku  : <priority>low</priority><encryption>no</encryption><data>basic</data>
2014/10/29 18:05:21  : gae  : <priority>low</priority><encryption>no</encryption><data>average</data>
2014/10/29 18:05:23  : gae  : <priority>medium</priority><encryption>no</encryption><data>extended</data>
2014/10/29 18:05:25  : openshift  : <priority>high</priority><encryption>no</encryption><data>basic</data>
2014/10/29 18:05:27  : gae  : <priority>medium</priority><encryption>no</encryption><data>average</data>
2014/10/29 18:05:29  : gae  : <priority>high</priority><encryption>no</encryption><data>average</data>
2014/10/29 18:05:31  : gae  : <priority>high</priority><encryption>no</encryption><data>average</data>
2014/10/29 18:05:37  : openshift  : <priority>high</priority><encryption>yes</encryption><data>basic</data>
2014/10/29 18:05:41  : gae  : <priority>low</priority><encryption>no</encryption><data>average</data>
2014/10/29 18:05:43  : gae  : <priority>high</priority><encryption>no</encryption><data>average</data>
2014/10/29 18:05:45  : openshift  : <priority>low</priority><encryption>yes</encryption><data>basic</data>
2014/10/29 18:05:47  : openshift  : <priority>high</priority><encryption>yes</encryption><data>basic</data>
2014/10/29 18:05:49  : openshift  : <priority>high</priority><encryption>no</encryption><data>basic</data>
2014/10/29 18:05:52  : gae  : <priority>medium</priority><encryption>no</encryption><data>extended</data>
2014/10/29 18:05:54  : openshift  : <priority>medium</priority><encryption>no</encryption><data>basic</data>
2014/10/29 18:05:56  : gae  : <priority>high</priority><encryption>no</encryption><data>extended</data>
2014/10/29 18:05:58  : gae  : <priority>medium</priority><encryption>no</encryption><data>extended</data>
2014/10/29 18:06:02  : openshift  : <priority>medium</priority><encryption>no</encryption><data>basic</data>
2014/10/29 18:06:04  : gae  : <priority>medium</priority><encryption>no</encryption><data>extended</data>
2014/10/29 18:06:06  : gae  : <priority>high</priority><encryption>no</encryption><data>average</data>
2014/10/29 18:06:08  : gae  : <priority>medium</priority><encryption>no</encryption><data>average</data>
2014/10/29 18:06:10  : gae  : <priority>low</priority><encryption>no</encryption><data>average</data>
2014/10/29 18:06:12  : gae  : <priority>high</priority><encryption>no</encryption><data>extended</data>
2014/10/29 18:06:14  : gae  : <priority>low</priority><encryption>no</encryption><data>average</data>
2014/10/29 18:06:18  : gae  : <priority>low</priority><encryption>no</encryption><data>extended</data>
2014/10/29 18:06:20  : gae  : <priority>medium</priority><encryption>no</encryption><data>average</data>
2014/10/29 18:06:22  : openshift  : <priority>medium</priority><encryption>yes</encryption><data>basic</data>
2014/10/29 18:06:24  : gae  : <priority>low</priority><encryption>no</encryption><data>extended</data>
2014/10/29 18:06:26  : openshift  : <priority>high</priority><encryption>no</encryption><data>basic</data>
2014/10/29 18:06:30  : openshift  : <priority>high</priority><encryption>yes</encryption><data>basic</data>
2014/10/29 18:06:32  : openshift  : <priority>high</priority><encryption>no</encryption><data>basic</data>
2014/10/29 18:06:34  : openshift  : <priority>low</priority><encryption>yes</encryption><data>basic</data>
2014/10/29 18:06:36  : gae  : <priority>low</priority><encryption>no</encryption><data>average</data>
2014/10/29 18:06:38  : openshift  : <priority>high</priority><encryption>yes</encryption><data>basic</data>
2014/10/29 18:06:40  : gae  : <priority>high</priority><encryption>no</encryption><data>extended</data>
2014/10/30 10:44:15  : gae  : <priority>medium</priority><encryption>no</encryption><data>average</data>
2014/10/30 10:44:18  : gae  : <priority>low</priority><encryption>no</encryption><data>extended</data>
2014/10/30 10:44:22  : gae  : <priority>high</priority><encryption>no</encryption><data>average</data>
2014/10/30 10:44:24  : openshift  : <priority>high</priority><encryption>yes</encryption><data>basic</data>
2014/10/30 10:44:32  : openshift  : <priority>medium</priority><encryption>no</encryption><data>basic</data>
2014/10/30 10:44:34  : openshift  : <priority>high</priority><encryption>no</encryption><data>basic</data>
2014/10/30 10:44:36  : openshift  : <priority>high</priority><encryption>yes</encryption><data>basic</data>
2014/10/30 10:44:42  : gae  : <priority>low</priority><encryption>no</encryption><data>extended</data>
2014/10/30 10:44:44  : heroku  : <priority>low</priority><encryption>no</encryption><data>basic</data>
2014/10/30 10:44:46  : openshift  : <priority>high</priority><encryption>yes</encryption><data>basic</data>
2014/10/30 10:44:48  : openshift  : <priority>medium</priority><encryption>yes</encryption><data>basic</data>
2014/10/30 10:44:54  : openshift  : <priority>medium</priority><encryption>no</encryption><data>basic</data>
2014/10/30 10:44:56  : gae  : <priority>medium</priority><encryption>no</encryption><data>extended</data>
2014/10/30 10:44:58  : openshift  : <priority>medium</priority><encryption>yes</encryption><data>basic</data>
2014/10/30 10:45:00  : gae  : <priority>medium</priority><encryption>no</encryption><data>extended</data>
2014/10/30 10:45:02  : openshift  : <priority>low</priority><encryption>yes</encryption><data>basic</data>
2014/10/30 10:45:04  : gae  : <priority>low</priority><encryption>no</encryption><data>extended</data>
2014/10/30 10:45:06  : openshift  : <priority>medium</priority><encryption>no</encryption><data>basic</data>
2014/10/30 10:45:10  : openshift  : <priority>medium</priority><encryption>no</encryption><data>basic</data>
2014/10/30 10:45:18  : gae  : <priority>low</priority><encryption>no</encryption><data>average</data>
2014/10/30 10:45:20  : openshift  : <priority>medium</priority><encryption>no</encryption><data>basic</data>
2014/10/30 10:45:28  : gae  : <priority>low</priority><encryption>no</encryption><data>extended</data>
2014/10/30 10:45:34  : gae  : <priority>medium</priority><encryption>no</encryption><data>average</data>
2014/10/30 10:45:36  : gae  : <priority>medium</priority><encryption>no</encryption><data>average</data>
2014/10/30 10:45:38  : gae  : <priority>medium</priority><encryption>no</encryption><data>average</data>
2014/10/30 10:45:46  : openshift  : <priority>high</priority><encryption>yes</encryption><data>basic</data>
