2014/10/28 17:34:20  : <priority>fast</priority><encryption>none</encryption><data>small</data>
2014/10/28 17:34:31  : <priority>fast</priority><encryption>none</encryption><data>small</data>
2014/10/29 12:43:38  : <priority>fast</priority><encryption>none</encryption><data>small</data>
2014/10/29 12:43:40  : <priority>fast</priority><encryption>none</encryption><data>small</data>
2014/10/29 12:43:42  : <priority>fast</priority><encryption>none</encryption><data>small</data>
2014/10/29 12:43:44  : <priority>fast</priority><encryption>none</encryption><data>small</data>
2014/10/29 12:43:46  : <priority>fast</priority><encryption>none</encryption><data>small</data>
2014/10/29 12:47:17  : <priority>fast</priority><encryption>none</encryption><data>small</data>
2014/10/29 12:47:19  : <priority>fast</priority><encryption>none</encryption><data>small</data>
2014/10/29 12:47:21  : <priority>fast</priority><encryption>none</encryption><data>small</data>
2014/10/29 12:48:12  : <priority>fast</priority><encryption>none</encryption><data>small</data>
2014/10/29 12:48:14  : <priority>fast</priority><encryption>none</encryption><data>small</data>
2014/10/29 12:48:16  : <priority>fast</priority><encryption>none</encryption><data>small</data>
2014/10/29 12:49:13  : <priority>fast</priority><encryption>none</encryption><data>small</data>
2014/10/29 12:49:15  : <priority>fast</priority><encryption>none</encryption><data>small</data>
2014/10/29 12:49:17  : <priority>fast</priority><encryption>none</encryption><data>small</data>
2014/10/29 12:49:19  : <priority>fast</priority><encryption>none</encryption><data>small</data>
2014/10/29 12:49:21  : <priority>fast</priority><encryption>none</encryption><data>small</data>
2014/10/29 12:49:23  : <priority>fast</priority><encryption>none</encryption><data>small</data>
2014/10/29 12:49:25  : <priority>fast</priority><encryption>none</encryption><data>small</data>
2014/10/29 12:49:27  : <priority>fast</priority><encryption>none</encryption><data>small</data>
2014/10/29 12:51:12  : <priority>fast</priority><encryption>none</encryption><data>small</data>
2014/10/29 12:51:14  : <priority>fast</priority><encryption>none</encryption><data>small</data>
2014/10/29 12:51:16  : <priority>fast</priority><encryption>none</encryption><data>small</data>
2014/10/29 12:51:18  : <priority>fast</priority><encryption>none</encryption><data>small</data>
2014/10/29 12:52:55  : <priority>fast</priority><encryption>none</encryption><data>small</data>
2014/10/29 12:52:57  : <priority>fast</priority><encryption>none</encryption><data>small</data>
2014/10/29 12:52:59  : <priority>fast</priority><encryption>none</encryption><data>small</data>
2014/10/29 12:53:01  : <priority>fast</priority><encryption>none</encryption><data>small</data>
2014/10/29 12:53:03  : <priority>fast</priority><encryption>none</encryption><data>small</data>
2014/10/29 12:53:37  : <priority>fast</priority><encryption>none</encryption><data>small</data>
2014/10/29 12:53:39  : <priority>fast</priority><encryption>none</encryption><data>small</data>
2014/10/29 12:53:41  : <priority>fast</priority><encryption>none</encryption><data>small</data>
2014/10/29 12:55:09  : <priority>fast</priority><encryption>none</encryption><data>small</data>
2014/10/29 12:55:11  : <priority>fast</priority><encryption>none</encryption><data>small</data>
2014/10/29 12:55:13  : <priority>fast</priority><encryption>none</encryption><data>small</data>
2014/10/29 12:56:57  : <priority>fast</priority><encryption>none</encryption><data>small</data>
2014/10/29 12:56:59  : <priority>fast</priority><encryption>none</encryption><data>small</data>
2014/10/29 12:57:01  : <priority>fast</priority><encryption>none</encryption><data>small</data>
2014/10/29 12:57:03  : <priority>fast</priority><encryption>none</encryption><data>small</data>
2014/10/29 12:57:05  : <priority>fast</priority><encryption>none</encryption><data>small</data>
2014/10/29 13:01:51  : <priority>fast</priority><encryption>none</encryption><data>small</data>
2014/10/29 13:01:53  : <priority>fast</priority><encryption>none</encryption><data>small</data>
2014/10/29 13:01:55  : <priority>fast</priority><encryption>none</encryption><data>small</data>
2014/10/29 13:01:57  : <priority>fast</priority><encryption>none</encryption><data>small</data>
2014/10/29 13:11:42  : <priority>fast</priority><encryption>none</encryption><data>small</data>
2014/10/29 13:11:44  : <priority>fast</priority><encryption>none</encryption><data>small</data>
2014/10/29 13:11:46  : <priority>fast</priority><encryption>none</encryption><data>small</data>
2014/10/29 13:11:48  : <priority>fast</priority><encryption>none</encryption><data>small</data>
2014/10/29 13:11:52  : <priority>fast</priority><encryption>none</encryption><data>small</data>
2014/10/29 13:11:54  : <priority>fast</priority><encryption>none</encryption><data>small</data>
2014/10/29 13:11:56  : <priority>fast</priority><encryption>none</encryption><data>small</data>
2014/10/29 13:11:58  : <priority>fast</priority><encryption>none</encryption><data>small</data>
2014/10/29 13:13:56  : <priority>fast</priority><encryption>none</encryption><data>small</data>
2014/10/29 13:13:58  : <priority>fast</priority><encryption>none</encryption><data>small</data>
2014/10/29 13:14:00  : <priority>fast</priority><encryption>none</encryption><data>small</data>
2014/10/29 13:14:02  : <priority>fast</priority><encryption>none</encryption><data>small</data>
2014/10/29 13:19:47  : <priority>high</priority><encryption>none</encryption><data>small</data>
2014/10/29 13:19:49  : <priority>high</priority><encryption>none</encryption><data>small</data>
2014/10/29 13:19:51  : <priority>high</priority><encryption>none</encryption><data>small</data>
2014/10/29 13:19:53  : <priority>high</priority><encryption>none</encryption><data>small</data>
2014/10/29 13:19:55  : <priority>high</priority><encryption>none</encryption><data>small</data>
2014/10/29 13:20:34  : <priority>high</priority><encryption>none</encryption><data>small</data>
2014/10/29 13:20:36  : <priority>high</priority><encryption>none</encryption><data>small</data>
2014/10/29 13:20:38  : <priority>high</priority><encryption>none</encryption><data>small</data>
2014/10/29 13:20:40  : <priority>high</priority><encryption>none</encryption><data>small</data>
2014/10/29 13:20:42  : <priority>high</priority><encryption>none</encryption><data>small</data>
2014/10/29 13:21:32  : <priority>high</priority><encryption>none</encryption><data>small</data>
2014/10/29 13:21:34  : <priority>high</priority><encryption>none</encryption><data>small</data>
2014/10/29 13:21:36  : <priority>high</priority><encryption>none</encryption><data>small</data>
2014/10/29 13:21:38  : <priority>high</priority><encryption>none</encryption><data>small</data>
2014/10/29 13:21:40  : <priority>high</priority><encryption>none</encryption><data>small</data>
2014/10/29 13:29:21  : <priority>high</priority><encryption>none</encryption><data>small</data>
2014/10/29 13:29:23  : <priority>high</priority><encryption>none</encryption><data>small</data>
2014/10/29 13:29:25  : <priority>high</priority><encryption>none</encryption><data>small</data>
2014/10/29 13:29:27  : <priority>high</priority><encryption>none</encryption><data>small</data>
2014/10/29 13:29:29  : <priority>high</priority><encryption>none</encryption><data>small</data>
2014/10/29 13:29:31  : <priority>high</priority><encryption>none</encryption><data>small</data>
2014/10/29 13:31:22  : <priority>high</priority><encryption>none</encryption><data>small</data>
2014/10/29 13:31:24  : <priority>high</priority><encryption>none</encryption><data>small</data>
2014/10/29 13:31:26  : <priority>high</priority><encryption>none</encryption><data>small</data>
2014/10/29 13:31:28  : <priority>high</priority><encryption>none</encryption><data>small</data>
2014/10/29 13:31:30  : <priority>high</priority><encryption>none</encryption><data>small</data>
2014/10/29 13:31:32  : <priority>high</priority><encryption>none</encryption><data>small</data>
2014/10/29 13:34:02  : <priority>high</priority><encryption>none</encryption><data>small</data>
2014/10/29 13:34:04  : <priority>high</priority><encryption>none</encryption><data>small</data>
2014/10/29 13:34:06  : <priority>high</priority><encryption>none</encryption><data>small</data>
2014/10/29 13:34:08  : <priority>high</priority><encryption>none</encryption><data>small</data>
2014/10/29 13:34:10  : <priority>high</priority><encryption>none</encryption><data>small</data>
2014/10/29 13:34:12  : <priority>high</priority><encryption>none</encryption><data>small</data>
2014/10/29 13:55:47  : <priority>high</priority><encryption>none</encryption><data>small</data>
2014/10/29 13:55:49  : <priority>high</priority><encryption>none</encryption><data>small</data>
2014/10/29 13:55:51  : <priority>high</priority><encryption>none</encryption><data>small</data>
2014/10/29 13:55:53  : <priority>high</priority><encryption>none</encryption><data>small</data>
2014/10/29 13:55:55  : <priority>high</priority><encryption>none</encryption><data>small</data>
2014/10/29 13:55:57  : <priority>high</priority><encryption>none</encryption><data>small</data>
2014/10/29 14:00:42  : <priority>high</priority><encryption>none</encryption><data>small</data>
2014/10/29 14:00:44  : <priority>high</priority><encryption>none</encryption><data>small</data>
2014/10/29 14:01:47  : <priority>high</priority><encryption>none</encryption><data>small</data>
2014/10/29 14:01:49  : <priority>high</priority><encryption>none</encryption><data>small</data>
2014/10/29 14:01:51  : <priority>high</priority><encryption>none</encryption><data>small</data>
2014/10/29 14:01:53  : <priority>high</priority><encryption>none</encryption><data>small</data>
2014/10/29 14:03:08  : <priority>high</priority><encryption>none</encryption><data>small</data>
2014/10/29 14:03:10  : <priority>high</priority><encryption>none</encryption><data>small</data>
2014/10/29 14:03:12  : <priority>high</priority><encryption>none</encryption><data>small</data>
2014/10/29 14:03:14  : <priority>high</priority><encryption>none</encryption><data>small</data>
2014/10/29 14:03:16  : <priority>high</priority><encryption>none</encryption><data>small</data>
2014/10/29 14:03:18  : <priority>high</priority><encryption>none</encryption><data>small</data>
2014/10/29 16:16:57  : <priority>high</priority><encryption>none</encryption><data>basic</data>
2014/10/29 16:16:59  : <priority>high</priority><encryption>none</encryption><data>basic</data>
2014/10/29 16:17:01  : <priority>high</priority><encryption>none</encryption><data>basic</data>
2014/10/29 16:17:03  : <priority>high</priority><encryption>none</encryption><data>basic</data>
2014/10/29 16:17:05  : <priority>high</priority><encryption>none</encryption><data>basic</data>
2014/10/29 16:17:07  : <priority>high</priority><encryption>none</encryption><data>basic</data>
2014/10/29 16:17:09  : <priority>high</priority><encryption>none</encryption><data>basic</data>
2014/10/29 16:17:11  : <priority>high</priority><encryption>none</encryption><data>basic</data>
2014/10/29 16:17:13  : <priority>high</priority><encryption>none</encryption><data>basic</data>
2014/10/29 16:17:15  : <priority>high</priority><encryption>none</encryption><data>basic</data>
2014/10/29 16:17:17  : <priority>high</priority><encryption>none</encryption><data>basic</data>
2014/10/29 16:17:19  : <priority>high</priority><encryption>none</encryption><data>basic</data>
2014/10/29 16:17:21  : <priority>high</priority><encryption>none</encryption><data>basic</data>
2014/10/29 16:17:23  : <priority>high</priority><encryption>none</encryption><data>basic</data>
2014/10/29 16:17:25  : <priority>high</priority><encryption>none</encryption><data>basic</data>
2014/10/29 16:17:27  : <priority>high</priority><encryption>none</encryption><data>basic</data>
2014/10/29 16:17:29  : <priority>high</priority><encryption>none</encryption><data>basic</data>
2014/10/29 16:17:31  : <priority>high</priority><encryption>none</encryption><data>basic</data>
2014/10/29 16:17:33  : <priority>high</priority><encryption>none</encryption><data>basic</data>
2014/10/29 16:17:37  : <priority>high</priority><encryption>none</encryption><data>basic</data>
2014/10/29 16:17:39  : <priority>high</priority><encryption>none</encryption><data>basic</data>
2014/10/29 16:17:41  : <priority>high</priority><encryption>none</encryption><data>basic</data>
2014/10/29 16:17:43  : <priority>high</priority><encryption>none</encryption><data>basic</data>
2014/10/29 16:30:40  : <priority>average</priority><encryption>no</encryption><data>basic</data>
2014/10/29 16:33:24  : <priority>average</priority><encryption>yes</encryption><data>average</data>
2014/10/29 16:33:48  : <priority>high</priority><encryption>yes</encryption><data>average</data>
2014/10/29 16:35:21  : <priority>low</priority><encryption>yes</encryption><data>basic</data>
2014/10/29 16:36:19  : <priority>high</priority><encryption>no</encryption><data>average</data>
2014/10/29 16:37:33  : <priority>medium</priority><encryption>yes</encryption><data>average</data>
2014/10/29 16:38:05  : <priority>high</priority><encryption>no</encryption><data>average</data>
2014/10/29 16:38:07  : <priority>low</priority><encryption>yes</encryption><data>basic</data>
2014/10/29 16:42:41  : <priority>high</priority><encryption>yes</encryption><data>average</data>
2014/10/29 16:42:43  : <priority>low</priority><encryption>yes</encryption><data>extended</data>
2014/10/29 16:44:11  : <priority>low</priority><encryption>yes</encryption><data>extended</data>
2014/10/29 16:44:13  : <priority>high</priority><encryption>yes</encryption><data>average</data>
2014/10/29 16:44:17  : <priority>high</priority><encryption>no</encryption><data>extended</data>
2014/10/29 16:44:19  : <priority>low</priority><encryption>no</encryption><data>average</data>
2014/10/29 16:45:47  : <priority>high</priority><encryption>no</encryption><data>extended</data>
2014/10/29 16:47:27  : <priority>low</priority><encryption>no</encryption><data>average</data>
2014/10/29 16:48:28  : <priority>high</priority><encryption>no</encryption><data>basic</data>
2014/10/29 16:48:30  : <priority>medium</priority><encryption>no</encryption><data>average</data>
2014/10/29 16:48:32  : <priority>low</priority><encryption>no</encryption><data>extended</data>
2014/10/29 16:48:44  : <priority>low</priority><encryption>no</encryption><data>extended</data>
2014/10/29 16:49:45  : <priority>medium</priority><encryption>yes</encryption><data>basic</data>
2014/10/29 16:49:47  : <priority>medium</priority><encryption>no</encryption><data>average</data>
2014/10/29 16:49:51  : <priority>low</priority><encryption>yes</encryption><data>basic</data>
2014/10/29 16:50:09  : <priority>medium</priority><encryption>yes</encryption><data>extended</data>
2014/10/29 16:52:11  : <priority>high</priority><encryption>yes</encryption><data>extended</data>
2014/10/29 16:52:13  : <priority>low</priority><encryption>no</encryption><data>basic</data>
2014/10/29 16:53:32  : <priority>low</priority><encryption>no</encryption><data>average</data>
2014/10/29 16:53:34  : <priority>low</priority><encryption>yes</encryption><data>average</data>
2014/10/29 16:53:38  : <priority>medium</priority><encryption>yes</encryption><data>extended</data>
2014/10/29 16:53:42  : <priority>medium</priority><encryption>no</encryption><data>extended</data>
2014/10/29 17:01:49  : <priority>low</priority><encryption>no</encryption><data>average</data>
2014/10/29 17:03:21  : <priority>high</priority><encryption>yes</encryption><data>average</data>
2014/10/29 17:05:04  : <priority>medium</priority><encryption>no</encryption><data>extended</data>
2014/10/29 17:05:06  : <priority>high</priority><encryption>no</encryption><data>basic</data>
2014/10/29 17:06:30  : <priority>low</priority><encryption>yes</encryption><data>basic</data>
2014/10/29 18:04:49  : <priority>medium</priority><encryption>no</encryption><data>average</data>
2014/10/30 10:44:13  : <priority>high</priority><encryption>yes</encryption><data>extended</data>
2014/10/30 10:44:38  : <priority>high</priority><encryption>no</encryption><data>basic</data>
2014/10/30 10:44:40  : <priority>low</priority><encryption>no</encryption><data>basic</data>
2014/10/30 10:45:24  : <priority>medium</priority><encryption>no</encryption><data>basic</data>
______
2014/10/30 11:15:53  : <priority>high</priority><encryption>no</encryption><data>extended</data>
